Watching for file changes with StatReloader
/Users/romgo/Documents/IANA 2/backend/venv/lib/python3.9/site-packages/rest_framework/pagination.py:207: UnorderedObjectListWarning: Pagination may yield inconsistent results with an unordered object_list: <class 'accounts.models.User'> QuerySet.
  paginator = self.django_paginator_class(queryset, page_size)
[23/Apr/2026 08:20:51] "HEAD /api/registry/search-specialists/ HTTP/1.1" 200 0
[23/Apr/2026 08:21:23] "GET /api/registry/search-specialists/?q= HTTP/1.1" 200 8240
/Users/romgo/Documents/IANA 2/backend/venv/lib/python3.9/site-packages/rest_framework/pagination.py:207: UnorderedObjectListWarning: Pagination may yield inconsistent results with an unordered object_list: <class 'registry.models.AccreditedPartner'> QuerySet.
  paginator = self.django_paginator_class(queryset, page_size)
[23/Apr/2026 08:21:26] "GET /api/registry/search-partners/ HTTP/1.1" 200 1555
[23/Apr/2026 08:21:26] "GET /api/registry/search-partners/ HTTP/1.1" 200 1555
/Users/romgo/Documents/IANA 2/backend/venv/lib/python3.9/site-packages/rest_framework/pagination.py:207: UnorderedObjectListWarning: Pagination may yield inconsistent results with an unordered object_list: <class 'registry.models.ApprovedProgram'> QuerySet.
  paginator = self.django_paginator_class(queryset, page_size)
[23/Apr/2026 08:21:27] "GET /api/registry/search-programs/ HTTP/1.1" 200 521
Unauthorized: /api/registry/
[23/Apr/2026 08:23:12] "GET /api/registry/ HTTP/1.1" 401 58
Unauthorized: /api/registry/
[23/Apr/2026 08:23:12] "GET /api/registry/ HTTP/1.1" 401 58
Unauthorized: /api/registry/
[23/Apr/2026 08:25:31] "GET /api/registry/ HTTP/1.1" 401 58
Unauthorized: /api/registry/
[23/Apr/2026 08:25:31] "GET /api/registry/ HTTP/1.1" 401 58
Unauthorized: /api/registry/
[23/Apr/2026 08:26:25] "GET /api/registry/ HTTP/1.1" 401 58
Unauthorized: /api/registry/
[23/Apr/2026 08:26:25] "GET /api/registry/ HTTP/1.1" 401 58
Unauthorized: /api/registry/
[23/Apr/2026 08:26:50] "GET /api/registry/ HTTP/1.1" 401 58
Unauthorized: /api/registry/
[23/Apr/2026 08:26:50] "GET /api/registry/ HTTP/1.1" 401 58
Unauthorized: /api/registry/
[23/Apr/2026 08:26:56] "GET /api/registry/ HTTP/1.1" 401 58
Unauthorized: /api/registry/
[23/Apr/2026 08:29:39] "GET /api/registry/ HTTP/1.1" 401 58
Unauthorized: /api/registry/
[23/Apr/2026 08:29:39] "GET /api/registry/ HTTP/1.1" 401 58
/Users/romgo/Documents/IANA 2/backend/iana_backend/settings.py changed, reloading.
Performing system checks...

System check identified no issues (0 silenced).
April 23, 2026 - 08:20:48
Django version 4.2.30, using settings 'iana_backend.settings'
Starting development server at http://127.0.0.1:8000/
Quit the server with CONTROL-C.

Watching for file changes with StatReloader
Unauthorized: /api/registry/
[23/Apr/2026 08:39:13] "GET /api/registry/ HTTP/1.1" 401 58
Unauthorized: /api/registry/
[23/Apr/2026 08:39:13] "GET /api/registry/ HTTP/1.1" 401 58
Unauthorized: /api/registry/
[23/Apr/2026 08:39:25] "GET /api/registry/ HTTP/1.1" 401 58
Unauthorized: /api/registry/
[23/Apr/2026 08:39:25] "GET /api/registry/ HTTP/1.1" 401 58
/Users/romgo/Documents/IANA 2/backend/iana_backend/urls.py changed, reloading.
Performing system checks...

System check identified no issues (0 silenced).
April 23, 2026 - 08:39:08
Django version 4.2.30, using settings 'iana_backend.settings'
Starting development server at http://127.0.0.1:8000/
Quit the server with CONTROL-C.

Watching for file changes with StatReloader
[23/Apr/2026 08:40:53] "GET /api/content/public/news/ HTTP/1.1" 200 52
[23/Apr/2026 08:41:09] "GET /api/content/public/events/ HTTP/1.1" 200 52
/Users/romgo/Documents/IANA 2/backend/iana_backend/settings.py changed, reloading.
Performing system checks...

System check identified no issues (0 silenced).
April 23, 2026 - 08:39:43
Django version 4.2.30, using settings 'iana_backend.settings'
Starting development server at http://127.0.0.1:8000/
Quit the server with CONTROL-C.

Watching for file changes with StatReloader
/Users/romgo/Documents/IANA 2/backend/iana_backend/urls.py changed, reloading.
Performing system checks...

System check identified no issues (0 silenced).
April 23, 2026 - 11:41:46
Django version 4.2.30, using settings 'iana_backend.settings'
Starting development server at http://127.0.0.1:8000/
Quit the server with CONTROL-C.

Watching for file changes with StatReloader
Unauthorized: /api/registry/
[23/Apr/2026 11:44:48] "GET /api/registry/ HTTP/1.1" 401 58
[23/Apr/2026 11:44:48] "GET /api/content/public/events/ HTTP/1.1" 200 52
[23/Apr/2026 11:44:48] "GET /api/content/public/news/ HTTP/1.1" 200 52
Unauthorized: /api/registry/
[23/Apr/2026 11:45:23] "GET /api/registry/ HTTP/1.1" 401 58
Unauthorized: /api/registry/
[23/Apr/2026 11:45:23] "GET /api/registry/ HTTP/1.1" 401 58
[23/Apr/2026 11:45:23] "GET /api/content/public/events/ HTTP/1.1" 200 52
[23/Apr/2026 11:45:23] "GET /api/content/public/news/ HTTP/1.1" 200 52
[23/Apr/2026 11:45:23] "GET /api/content/public/news/ HTTP/1.1" 200 52
[23/Apr/2026 11:45:23] "GET /api/content/public/events/ HTTP/1.1" 200 52
/Users/romgo/Documents/IANA 2/backend/venv/lib/python3.9/site-packages/rest_framework/pagination.py:207: UnorderedObjectListWarning: Pagination may yield inconsistent results with an unordered object_list: <class 'accounts.models.User'> QuerySet.
  paginator = self.django_paginator_class(queryset, page_size)
[23/Apr/2026 11:46:28] "GET /api/registry/search-specialists/?q= HTTP/1.1" 200 8240
[23/Apr/2026 11:46:28] "GET /api/registry/search-specialists/?q= HTTP/1.1" 200 8240
/Users/romgo/Documents/IANA 2/backend/venv/lib/python3.9/site-packages/rest_framework/pagination.py:207: UnorderedObjectListWarning: Pagination may yield inconsistent results with an unordered object_list: <class 'registry.models.AccreditedPartner'> QuerySet.
  paginator = self.django_paginator_class(queryset, page_size)
[23/Apr/2026 11:46:30] "GET /api/registry/search-partners/ HTTP/1.1" 200 1555
[23/Apr/2026 11:46:30] "GET /api/registry/search-partners/ HTTP/1.1" 200 1555
Unauthorized: /api/registry/
[23/Apr/2026 11:47:37] "GET /api/registry/ HTTP/1.1" 401 58
Unauthorized: /api/registry/
[23/Apr/2026 11:47:37] "GET /api/registry/ HTTP/1.1" 401 58
[23/Apr/2026 11:47:37] "GET /api/content/public/events/ HTTP/1.1" 200 52
[23/Apr/2026 11:47:37] "GET /api/content/public/news/ HTTP/1.1" 200 52
[23/Apr/2026 11:47:37] "GET /api/content/public/events/ HTTP/1.1" 200 52
[23/Apr/2026 11:47:37] "GET /api/content/public/news/ HTTP/1.1" 200 52
Unauthorized: /api/registry/
[23/Apr/2026 11:51:34] "GET /api/registry/ HTTP/1.1" 401 58
[23/Apr/2026 11:51:34] "GET /api/content/public/news/ HTTP/1.1" 200 52
[23/Apr/2026 11:51:34] "GET /api/content/public/events/ HTTP/1.1" 200 52
Unauthorized: /api/registry/
[23/Apr/2026 11:56:15] "GET /api/registry/ HTTP/1.1" 401 58
Unauthorized: /api/registry/
[23/Apr/2026 11:56:15] "GET /api/registry/ HTTP/1.1" 401 58
[23/Apr/2026 11:56:15] "GET /api/content/public/news/ HTTP/1.1" 200 52
[23/Apr/2026 11:56:15] "GET /api/content/public/events/ HTTP/1.1" 200 52
[23/Apr/2026 11:56:15] "GET /api/content/public/news/ HTTP/1.1" 200 52
[23/Apr/2026 11:56:15] "GET /api/content/public/events/ HTTP/1.1" 200 52
Unauthorized: /api/registry/
[23/Apr/2026 11:56:21] "GET /api/registry/ HTTP/1.1" 401 58
Unauthorized: /api/registry/
[23/Apr/2026 11:56:21] "GET /api/registry/ HTTP/1.1" 401 58
[23/Apr/2026 11:56:21] "GET /api/content/public/events/ HTTP/1.1" 200 52
[23/Apr/2026 11:56:21] "GET /api/content/public/news/ HTTP/1.1" 200 52
[23/Apr/2026 11:56:21] "GET /api/content/public/events/ HTTP/1.1" 200 52
[23/Apr/2026 11:56:21] "GET /api/content/public/news/ HTTP/1.1" 200 52
Unauthorized: /api/registry/
[23/Apr/2026 11:56:27] "GET /api/registry/ HTTP/1.1" 401 58
Unauthorized: /api/registry/
[23/Apr/2026 11:56:27] "GET /api/registry/ HTTP/1.1" 401 58
[23/Apr/2026 11:56:27] "GET /api/content/public/news/ HTTP/1.1" 200 52
[23/Apr/2026 11:56:27] "GET /api/content/public/events/ HTTP/1.1" 200 52
[23/Apr/2026 11:56:27] "GET /api/content/public/events/ HTTP/1.1" 200 52
[23/Apr/2026 11:56:27] "GET /api/content/public/news/ HTTP/1.1" 200 52
[23/Apr/2026 11:57:21] "GET /api/content/public/news/ HTTP/1.1" 200 52
[23/Apr/2026 11:57:21] "GET /api/content/public/events/ HTTP/1.1" 200 52
[23/Apr/2026 11:57:21] "GET /api/content/public/events/ HTTP/1.1" 200 52
[23/Apr/2026 11:57:21] "GET /api/content/public/news/ HTTP/1.1" 200 52
Unauthorized: /api/registry/
[23/Apr/2026 11:57:31] "GET /api/registry/ HTTP/1.1" 401 58
Unauthorized: /api/registry/
[23/Apr/2026 11:57:31] "GET /api/registry/ HTTP/1.1" 401 58
[23/Apr/2026 11:57:31] "GET /api/content/public/news/ HTTP/1.1" 200 52
[23/Apr/2026 11:57:31] "GET /api/content/public/events/ HTTP/1.1" 200 52
[23/Apr/2026 11:57:31] "GET /api/content/public/events/ HTTP/1.1" 200 52
[23/Apr/2026 11:57:31] "GET /api/content/public/news/ HTTP/1.1" 200 52
Unauthorized: /api/registry/
[23/Apr/2026 12:00:33] "GET /api/registry/ HTTP/1.1" 401 58
Unauthorized: /api/registry/
[23/Apr/2026 12:00:33] "GET /api/registry/ HTTP/1.1" 401 58
[23/Apr/2026 12:00:33] "GET /api/content/public/events/ HTTP/1.1" 200 52
[23/Apr/2026 12:00:33] "GET /api/content/public/news/ HTTP/1.1" 200 52
[23/Apr/2026 12:00:33] "GET /api/content/public/events/ HTTP/1.1" 200 52
[23/Apr/2026 12:00:33] "GET /api/content/public/news/ HTTP/1.1" 200 52
Unauthorized: /api/registry/
[23/Apr/2026 12:11:07] "GET /api/registry/ HTTP/1.1" 401 58
Unauthorized: /api/registry/
[23/Apr/2026 12:11:07] "GET /api/registry/ HTTP/1.1" 401 58
[23/Apr/2026 12:11:07] "GET /api/content/public/news/ HTTP/1.1" 200 52
[23/Apr/2026 12:11:07] "GET /api/content/public/events/ HTTP/1.1" 200 52
[23/Apr/2026 12:11:07] "GET /api/content/public/news/ HTTP/1.1" 200 52
[23/Apr/2026 12:11:07] "GET /api/content/public/events/ HTTP/1.1" 200 52
Unauthorized: /api/registry/
[23/Apr/2026 12:13:25] "GET /api/registry/ HTTP/1.1" 401 58
Unauthorized: /api/registry/
[23/Apr/2026 12:13:25] "GET /api/registry/ HTTP/1.1" 401 58
[23/Apr/2026 12:13:25] "GET /api/content/public/news/ HTTP/1.1" 200 52
[23/Apr/2026 12:13:25] "GET /api/content/public/events/ HTTP/1.1" 200 52
[23/Apr/2026 12:13:25] "GET /api/content/public/news/ HTTP/1.1" 200 52
[23/Apr/2026 12:13:25] "GET /api/content/public/events/ HTTP/1.1" 200 52
Unauthorized: /api/registry/
[23/Apr/2026 12:13:43] "GET /api/registry/ HTTP/1.1" 401 58
Unauthorized: /api/registry/
[23/Apr/2026 12:13:43] "GET /api/registry/ HTTP/1.1" 401 58
[23/Apr/2026 12:13:43] "GET /api/content/public/events/ HTTP/1.1" 200 52
[23/Apr/2026 12:13:43] "GET /api/content/public/news/ HTTP/1.1" 200 52
[23/Apr/2026 12:13:43] "GET /api/content/public/events/ HTTP/1.1" 200 52
[23/Apr/2026 12:13:43] "GET /api/content/public/news/ HTTP/1.1" 200 52
Not Found: /api/content/public/news/1/
[23/Apr/2026 12:14:58] "GET /api/content/public/news/1/ HTTP/1.1" 404 45
Not Found: /api/content/public/news/1/
[23/Apr/2026 12:14:58] "GET /api/content/public/news/1/ HTTP/1.1" 404 45
Unauthorized: /api/registry/
[23/Apr/2026 12:15:00] "GET /api/registry/ HTTP/1.1" 401 58
Unauthorized: /api/registry/
[23/Apr/2026 12:15:00] "GET /api/registry/ HTTP/1.1" 401 58
[23/Apr/2026 12:15:00] "GET /api/content/public/events/ HTTP/1.1" 200 52
[23/Apr/2026 12:15:00] "GET /api/content/public/news/ HTTP/1.1" 200 52
[23/Apr/2026 12:15:00] "GET /api/content/public/events/ HTTP/1.1" 200 52
[23/Apr/2026 12:15:00] "GET /api/content/public/news/ HTTP/1.1" 200 52
Unauthorized: /api/registry/
[23/Apr/2026 12:21:13] "GET /api/registry/ HTTP/1.1" 401 58
Unauthorized: /api/registry/
[23/Apr/2026 12:21:13] "GET /api/registry/ HTTP/1.1" 401 58
[23/Apr/2026 12:21:14] "GET /api/content/public/events/ HTTP/1.1" 200 52
[23/Apr/2026 12:21:14] "GET /api/content/public/events/ HTTP/1.1" 200 52
[23/Apr/2026 12:21:14] "GET /api/content/public/news/ HTTP/1.1" 200 52
[23/Apr/2026 12:21:14] "GET /api/content/public/news/ HTTP/1.1" 200 52
Unauthorized: /api/registry/
[23/Apr/2026 12:27:24] "GET /api/registry/ HTTP/1.1" 401 58
Unauthorized: /api/registry/
[23/Apr/2026 12:27:24] "GET /api/registry/ HTTP/1.1" 401 58
[23/Apr/2026 12:27:24] "GET /api/content/public/events/ HTTP/1.1" 200 52
[23/Apr/2026 12:27:24] "GET /api/content/public/news/ HTTP/1.1" 200 52
[23/Apr/2026 12:27:24] "GET /api/content/public/news/ HTTP/1.1" 200 52
[23/Apr/2026 12:27:24] "GET /api/content/public/events/ HTTP/1.1" 200 52
[23/Apr/2026 12:28:42] "GET /api/registry/search-specialists/?q= HTTP/1.1" 200 8240
[23/Apr/2026 12:28:42] "GET /api/registry/search-specialists/?q= HTTP/1.1" 200 8240
Unauthorized: /api/registry/
[23/Apr/2026 12:30:17] "GET /api/registry/ HTTP/1.1" 401 58
Unauthorized: /api/registry/
[23/Apr/2026 12:30:17] "GET /api/registry/ HTTP/1.1" 401 58
[23/Apr/2026 12:30:17] "GET /api/content/public/news/ HTTP/1.1" 200 52
[23/Apr/2026 12:30:17] "GET /api/content/public/events/ HTTP/1.1" 200 52
[23/Apr/2026 12:30:17] "GET /api/content/public/news/ HTTP/1.1" 200 52
[23/Apr/2026 12:30:17] "GET /api/content/public/events/ HTTP/1.1" 200 52
Unauthorized: /api/registry/
[23/Apr/2026 12:31:05] "GET /api/registry/ HTTP/1.1" 401 58
Unauthorized: /api/registry/
[23/Apr/2026 12:31:05] "GET /api/registry/ HTTP/1.1" 401 58
[23/Apr/2026 12:31:05] "GET /api/content/public/events/ HTTP/1.1" 200 52
[23/Apr/2026 12:31:05] "GET /api/content/public/news/ HTTP/1.1" 200 52
[23/Apr/2026 12:31:05] "GET /api/content/public/events/ HTTP/1.1" 200 52
[23/Apr/2026 12:31:05] "GET /api/content/public/news/ HTTP/1.1" 200 52
Unauthorized: /api/registry/
[23/Apr/2026 12:32:56] "GET /api/registry/ HTTP/1.1" 401 58
Unauthorized: /api/registry/
[23/Apr/2026 12:32:56] "GET /api/registry/ HTTP/1.1" 401 58
[23/Apr/2026 12:32:56] "GET /api/content/public/events/ HTTP/1.1" 200 52
[23/Apr/2026 12:32:56] "GET /api/content/public/news/ HTTP/1.1" 200 52
[23/Apr/2026 12:32:56] "GET /api/content/public/events/ HTTP/1.1" 200 52
[23/Apr/2026 12:32:56] "GET /api/content/public/news/ HTTP/1.1" 200 52
Unauthorized: /api/registry/
[23/Apr/2026 12:39:12] "GET /api/registry/ HTTP/1.1" 401 58
[23/Apr/2026 12:39:12] "GET /api/content/public/events/ HTTP/1.1" 200 52
[23/Apr/2026 12:39:12] "GET /api/content/public/news/ HTTP/1.1" 200 52
Unauthorized: /api/registry/
[23/Apr/2026 12:39:13] "GET /api/registry/ HTTP/1.1" 401 58
[23/Apr/2026 12:39:13] "GET /api/content/public/news/ HTTP/1.1" 200 52
[23/Apr/2026 12:39:13] "GET /api/content/public/events/ HTTP/1.1" 200 52
Unauthorized: /api/registry/
[23/Apr/2026 12:46:35] "GET /api/registry/ HTTP/1.1" 401 58
[23/Apr/2026 12:46:35] "GET /api/content/public/events/ HTTP/1.1" 200 52
[23/Apr/2026 12:46:35] "GET /api/content/public/news/ HTTP/1.1" 200 52
Unauthorized: /api/registry/
[23/Apr/2026 12:47:34] "GET /api/registry/ HTTP/1.1" 401 58
[23/Apr/2026 12:47:34] "GET /api/content/public/events/ HTTP/1.1" 200 52
[23/Apr/2026 12:47:34] "GET /api/content/public/news/ HTTP/1.1" 200 52
[23/Apr/2026 12:48:23] "GET /api/content/public/events/ HTTP/1.1" 200 52
[23/Apr/2026 12:48:23] "GET /api/content/public/news/ HTTP/1.1" 200 52
[23/Apr/2026 12:48:23] "GET /api/content/public/events/ HTTP/1.1" 200 52
[23/Apr/2026 12:48:23] "GET /api/content/public/news/ HTTP/1.1" 200 52
Unauthorized: /api/registry/
[23/Apr/2026 12:48:27] "GET /api/registry/ HTTP/1.1" 401 58
Unauthorized: /api/registry/
[23/Apr/2026 12:48:27] "GET /api/registry/ HTTP/1.1" 401 58
[23/Apr/2026 12:48:27] "GET /api/content/public/news/ HTTP/1.1" 200 52
[23/Apr/2026 12:48:27] "GET /api/content/public/events/ HTTP/1.1" 200 52
[23/Apr/2026 12:48:27] "GET /api/content/public/events/ HTTP/1.1" 200 52
[23/Apr/2026 12:48:27] "GET /api/content/public/news/ HTTP/1.1" 200 52
[23/Apr/2026 12:48:28] "GET /api/registry/search-partners/ HTTP/1.1" 200 1555
[23/Apr/2026 12:48:28] "GET /api/registry/search-partners/ HTTP/1.1" 200 1555
[23/Apr/2026 12:48:30] "GET /api/registry/search-specialists/?q= HTTP/1.1" 200 8240
[23/Apr/2026 12:48:30] "GET /api/registry/search-specialists/?q= HTTP/1.1" 200 8240
/Users/romgo/Documents/IANA 2/backend/news/admin.py changed, reloading.
Performing system checks...

System check identified no issues (0 silenced).
April 23, 2026 - 11:42:11
Django version 4.2.30, using settings 'iana_backend.settings'
Starting development server at http://127.0.0.1:8000/
Quit the server with CONTROL-C.

Watching for file changes with StatReloader
/Users/romgo/Documents/IANA 2/backend/news/models.py changed, reloading.
Performing system checks...

System check identified no issues (0 silenced).
April 23, 2026 - 12:49:21
Django version 4.2.30, using settings 'iana_backend.settings'
Starting development server at http://127.0.0.1:8000/
Quit the server with CONTROL-C.

Watching for file changes with StatReloader
/Users/romgo/Documents/IANA 2/backend/news/models.py changed, reloading.
Performing system checks...

System check identified no issues (0 silenced).
April 23, 2026 - 12:49:58
Django version 4.2.30, using settings 'iana_backend.settings'
Starting development server at http://127.0.0.1:8000/
Quit the server with CONTROL-C.

Watching for file changes with StatReloader
/Users/romgo/Documents/IANA 2/backend/news/models.py changed, reloading.
Performing system checks...

System check identified no issues (0 silenced).
April 23, 2026 - 12:51:39
Django version 4.2.30, using settings 'iana_backend.settings'
Starting development server at http://127.0.0.1:8000/
Quit the server with CONTROL-C.

Watching for file changes with StatReloader
Unauthorized: /api/registry/
[23/Apr/2026 12:58:55] "GET /api/registry/ HTTP/1.1" 401 58
Unauthorized: /api/registry/
[23/Apr/2026 12:58:55] "GET /api/registry/ HTTP/1.1" 401 58
[23/Apr/2026 12:58:55] "GET /api/content/public/events/ HTTP/1.1" 200 1895
[23/Apr/2026 12:58:55] "GET /api/content/public/news/ HTTP/1.1" 200 3107
[23/Apr/2026 12:58:55] "GET /api/content/public/news/ HTTP/1.1" 200 3107
[23/Apr/2026 12:58:55] "GET /api/content/public/events/ HTTP/1.1" 200 1895
[23/Apr/2026 12:59:06] "GET /api/content/public/news/ HTTP/1.1" 200 3107
[23/Apr/2026 12:59:06] "GET /api/content/public/events/ HTTP/1.1" 200 1895
[23/Apr/2026 12:59:06] "GET /api/content/public/news/ HTTP/1.1" 200 3107
[23/Apr/2026 12:59:06] "GET /api/content/public/events/ HTTP/1.1" 200 1895
Unauthorized: /api/registry/
[23/Apr/2026 12:59:17] "GET /api/registry/ HTTP/1.1" 401 58
Unauthorized: /api/registry/
[23/Apr/2026 12:59:17] "GET /api/registry/ HTTP/1.1" 401 58
[23/Apr/2026 12:59:17] "GET /api/content/public/events/ HTTP/1.1" 200 1895
[23/Apr/2026 12:59:17] "GET /api/content/public/news/ HTTP/1.1" 200 3107
[23/Apr/2026 12:59:17] "GET /api/content/public/news/ HTTP/1.1" 200 3107
[23/Apr/2026 12:59:17] "GET /api/content/public/events/ HTTP/1.1" 200 1895
[23/Apr/2026 12:59:45] "GET /api/content/public/events/ HTTP/1.1" 200 1895
Unauthorized: /api/registry/
[23/Apr/2026 13:00:35] "GET /api/registry/ HTTP/1.1" 401 58
[23/Apr/2026 13:00:35] "GET /api/content/public/news/ HTTP/1.1" 200 3107
[23/Apr/2026 13:00:35] "GET /api/content/public/events/ HTTP/1.1" 200 1895
Unauthorized: /api/registry/
[23/Apr/2026 13:07:22] "GET /api/registry/ HTTP/1.1" 401 58
Unauthorized: /api/registry/
[23/Apr/2026 13:07:22] "GET /api/registry/ HTTP/1.1" 401 58
[23/Apr/2026 13:07:22] "GET /api/content/public/news/ HTTP/1.1" 200 3107
[23/Apr/2026 13:07:22] "GET /api/content/public/events/ HTTP/1.1" 200 1899
[23/Apr/2026 13:07:22] "GET /api/content/public/events/ HTTP/1.1" 200 1899
[23/Apr/2026 13:07:22] "GET /api/content/public/news/ HTTP/1.1" 200 3107
Unauthorized: /api/registry/
[23/Apr/2026 13:15:25] "GET /api/registry/ HTTP/1.1" 401 58
Unauthorized: /api/registry/
[23/Apr/2026 13:15:25] "GET /api/registry/ HTTP/1.1" 401 58
[23/Apr/2026 13:15:25] "GET /api/content/public/events/ HTTP/1.1" 200 1899
[23/Apr/2026 13:15:25] "GET /api/content/public/news/ HTTP/1.1" 200 3107
[23/Apr/2026 13:15:25] "GET /api/content/public/events/ HTTP/1.1" 200 1899
[23/Apr/2026 13:15:25] "GET /api/content/public/news/ HTTP/1.1" 200 3107
Unauthorized: /api/registry/
[23/Apr/2026 14:06:37] "GET /api/registry/ HTTP/1.1" 401 58
[23/Apr/2026 14:06:37] "GET /api/content/public/events/ HTTP/1.1" 200 1899
[23/Apr/2026 14:06:37] "GET /api/content/public/news/ HTTP/1.1" 200 3107
Unauthorized: /api/registry/
[23/Apr/2026 14:08:54] "GET /api/registry/ HTTP/1.1" 401 58
[23/Apr/2026 14:08:54] "GET /api/content/public/news/ HTTP/1.1" 200 3107
[23/Apr/2026 14:08:54] "GET /api/content/public/events/ HTTP/1.1" 200 1899
Unauthorized: /api/registry/
[23/Apr/2026 14:11:55] "GET /api/registry/ HTTP/1.1" 401 58
[23/Apr/2026 14:11:55] "GET /api/content/public/events/ HTTP/1.1" 200 1899
[23/Apr/2026 14:11:55] "GET /api/content/public/news/ HTTP/1.1" 200 3107
Unauthorized: /api/registry/
[23/Apr/2026 14:14:37] "GET /api/registry/ HTTP/1.1" 401 58
Unauthorized: /api/registry/
[23/Apr/2026 14:14:37] "GET /api/registry/ HTTP/1.1" 401 58
[23/Apr/2026 14:14:37] "GET /api/content/public/events/ HTTP/1.1" 200 1899
[23/Apr/2026 14:14:37] "GET /api/content/public/news/ HTTP/1.1" 200 3107
[23/Apr/2026 14:14:37] "GET /api/content/public/news/ HTTP/1.1" 200 3107
[23/Apr/2026 14:14:37] "GET /api/content/public/events/ HTTP/1.1" 200 1899
/Users/romgo/Documents/IANA 2/backend/venv/lib/python3.9/site-packages/rest_framework/pagination.py:207: UnorderedObjectListWarning: Pagination may yield inconsistent results with an unordered object_list: <class 'accounts.models.User'> QuerySet.
  paginator = self.django_paginator_class(queryset, page_size)
[23/Apr/2026 14:19:40] "GET /api/registry/search-specialists/?q= HTTP/1.1" 200 8240
[23/Apr/2026 14:19:40] "GET /api/registry/search-specialists/?q= HTTP/1.1" 200 8240
/Users/romgo/Documents/IANA 2/backend/venv/lib/python3.9/site-packages/rest_framework/pagination.py:207: UnorderedObjectListWarning: Pagination may yield inconsistent results with an unordered object_list: <class 'registry.models.AccreditedPartner'> QuerySet.
  paginator = self.django_paginator_class(queryset, page_size)
[23/Apr/2026 14:20:23] "GET /api/registry/search-partners/ HTTP/1.1" 200 1555
[23/Apr/2026 14:20:23] "GET /api/registry/search-partners/ HTTP/1.1" 200 1555
/Users/romgo/Documents/IANA 2/backend/venv/lib/python3.9/site-packages/rest_framework/pagination.py:207: UnorderedObjectListWarning: Pagination may yield inconsistent results with an unordered object_list: <class 'registry.models.ApprovedProgram'> QuerySet.
  paginator = self.django_paginator_class(queryset, page_size)
[23/Apr/2026 14:20:25] "GET /api/registry/search-programs/ HTTP/1.1" 200 521
[23/Apr/2026 14:20:27] "GET /api/registry/search-partners/ HTTP/1.1" 200 1555
[23/Apr/2026 14:20:41] "GET /api/content/public/news/ HTTP/1.1" 200 3107
[23/Apr/2026 14:20:41] "GET /api/content/public/events/ HTTP/1.1" 200 1899
[23/Apr/2026 14:20:41] "GET /api/content/public/news/ HTTP/1.1" 200 3107
[23/Apr/2026 14:20:41] "GET /api/content/public/events/ HTTP/1.1" 200 1899
[23/Apr/2026 14:20:52] "GET /api/registry/search-specialists/?q= HTTP/1.1" 200 8240
[23/Apr/2026 14:20:52] "GET /api/registry/search-specialists/?q= HTTP/1.1" 200 8240
[23/Apr/2026 14:27:43] "GET /api/registry/search-specialists/?q= HTTP/1.1" 200 8240
[23/Apr/2026 14:27:50] "GET /api/registry/search-partners/ HTTP/1.1" 200 1555
[23/Apr/2026 14:27:50] "GET /api/registry/search-partners/ HTTP/1.1" 200 1555
[23/Apr/2026 14:34:25] "GET /api/content/public/events/ HTTP/1.1" 200 1899
[23/Apr/2026 14:34:25] "GET /api/content/public/news/ HTTP/1.1" 200 3107
[23/Apr/2026 14:34:25] "GET /api/content/public/events/ HTTP/1.1" 200 1899
[23/Apr/2026 14:34:25] "GET /api/content/public/news/ HTTP/1.1" 200 3107
Unauthorized: /api/registry/
[23/Apr/2026 15:06:24] "GET /api/registry/ HTTP/1.1" 401 58
Unauthorized: /api/registry/
[23/Apr/2026 15:06:24] "GET /api/registry/ HTTP/1.1" 401 58
[23/Apr/2026 15:06:24] "GET /api/content/public/news/ HTTP/1.1" 200 3107
[23/Apr/2026 15:06:24] "GET /api/content/public/events/ HTTP/1.1" 200 1899
[23/Apr/2026 15:06:24] "GET /api/content/public/news/ HTTP/1.1" 200 3107
[23/Apr/2026 15:06:24] "GET /api/content/public/events/ HTTP/1.1" 200 1899
[23/Apr/2026 15:07:40] "GET /api/registry/search-specialists/?q= HTTP/1.1" 200 8240
[23/Apr/2026 15:07:40] "GET /api/registry/search-specialists/?q= HTTP/1.1" 200 8240
Unauthorized: /api/registry/
[23/Apr/2026 15:09:36] "GET /api/registry/ HTTP/1.1" 401 58
Unauthorized: /api/registry/
[23/Apr/2026 15:09:36] "GET /api/registry/ HTTP/1.1" 401 58
[23/Apr/2026 15:09:36] "GET /api/content/public/events/ HTTP/1.1" 200 1899
[23/Apr/2026 15:09:36] "GET /api/content/public/news/ HTTP/1.1" 200 3107
[23/Apr/2026 15:09:36] "GET /api/content/public/news/ HTTP/1.1" 200 3107
[23/Apr/2026 15:09:36] "GET /api/content/public/events/ HTTP/1.1" 200 1899
Unauthorized: /api/registry/
[23/Apr/2026 15:12:05] "GET /api/registry/ HTTP/1.1" 401 58
[23/Apr/2026 15:12:05] "GET /api/content/public/news/ HTTP/1.1" 200 3107
[23/Apr/2026 15:12:05] "GET /api/content/public/events/ HTTP/1.1" 200 1899
Unauthorized: /api/registry/
[23/Apr/2026 15:14:09] "GET /api/registry/ HTTP/1.1" 401 58
[23/Apr/2026 15:14:09] "GET /api/content/public/news/ HTTP/1.1" 200 3107
[23/Apr/2026 15:14:09] "GET /api/content/public/events/ HTTP/1.1" 200 1899
Unauthorized: /api/registry/
[23/Apr/2026 15:16:02] "GET /api/registry/ HTTP/1.1" 401 58
[23/Apr/2026 15:16:02] "GET /api/content/public/events/ HTTP/1.1" 200 1899
[23/Apr/2026 15:16:02] "GET /api/content/public/news/ HTTP/1.1" 200 3107
Unauthorized: /api/registry/
[23/Apr/2026 15:17:34] "GET /api/registry/ HTTP/1.1" 401 58
[23/Apr/2026 15:17:34] "GET /api/content/public/news/ HTTP/1.1" 200 3107
[23/Apr/2026 15:17:34] "GET /api/content/public/events/ HTTP/1.1" 200 1899
Unauthorized: /api/registry/
[23/Apr/2026 15:43:28] "GET /api/registry/ HTTP/1.1" 401 58
[23/Apr/2026 15:43:28] "GET /api/content/public/news/ HTTP/1.1" 200 3107
[23/Apr/2026 15:43:28] "GET /api/content/public/events/ HTTP/1.1" 200 1899
Unauthorized: /api/registry/
[23/Apr/2026 16:02:28] "GET /api/registry/ HTTP/1.1" 401 58
[23/Apr/2026 16:02:28] "GET /api/content/public/news/ HTTP/1.1" 200 3107
[23/Apr/2026 16:02:28] "GET /api/content/public/events/ HTTP/1.1" 200 1899
Unauthorized: /api/registry/
[23/Apr/2026 16:04:00] "GET /api/registry/ HTTP/1.1" 401 58
Unauthorized: /api/registry/
[23/Apr/2026 16:04:00] "GET /api/registry/ HTTP/1.1" 401 58
[23/Apr/2026 16:04:00] "GET /api/content/public/events/ HTTP/1.1" 200 1899
[23/Apr/2026 16:04:00] "GET /api/content/public/news/ HTTP/1.1" 200 3107
[23/Apr/2026 16:04:00] "GET /api/content/public/news/ HTTP/1.1" 200 3107
[23/Apr/2026 16:04:00] "GET /api/content/public/events/ HTTP/1.1" 200 1899
[23/Apr/2026 16:04:02] "GET /api/registry/search-specialists/?q= HTTP/1.1" 200 8240
[23/Apr/2026 16:04:02] "GET /api/registry/search-specialists/?q= HTTP/1.1" 200 8240
Unauthorized: /api/registry/
[23/Apr/2026 16:04:02] "GET /api/registry/ HTTP/1.1" 401 58
Unauthorized: /api/registry/
[23/Apr/2026 16:04:02] "GET /api/registry/ HTTP/1.1" 401 58
[23/Apr/2026 16:04:02] "GET /api/content/public/news/ HTTP/1.1" 200 3107
[23/Apr/2026 16:04:02] "GET /api/content/public/events/ HTTP/1.1" 200 1899
[23/Apr/2026 16:04:02] "GET /api/content/public/events/ HTTP/1.1" 200 1899
[23/Apr/2026 16:04:02] "GET /api/content/public/news/ HTTP/1.1" 200 3107
Unauthorized: /api/registry/
[23/Apr/2026 16:05:43] "GET /api/registry/ HTTP/1.1" 401 58
[23/Apr/2026 16:05:43] "GET /api/content/public/news/ HTTP/1.1" 200 3107
[23/Apr/2026 16:05:43] "GET /api/content/public/events/ HTTP/1.1" 200 1899
Unauthorized: /api/registry/
[23/Apr/2026 16:15:27] "GET /api/registry/ HTTP/1.1" 401 58
[23/Apr/2026 16:15:28] "GET /api/content/public/events/ HTTP/1.1" 200 1899
[23/Apr/2026 16:15:28] "GET /api/content/public/news/ HTTP/1.1" 200 3107
/Users/romgo/Documents/IANA 2/backend/iana_backend/settings.py changed, reloading.
Performing system checks...

System check identified no issues (0 silenced).
April 23, 2026 - 12:51:52
Django version 4.2.30, using settings 'iana_backend.settings'
Starting development server at http://127.0.0.1:8000/
Quit the server with CONTROL-C.

Watching for file changes with StatReloader
/Users/romgo/Documents/IANA 2/backend/iana_backend/settings.py changed, reloading.
Performing system checks...

System check identified no issues (0 silenced).
April 23, 2026 - 16:15:55
Django version 4.2.30, using settings 'iana_backend.settings'
Starting development server at http://127.0.0.1:8000/
Quit the server with CONTROL-C.

Watching for file changes with StatReloader
/Users/romgo/Documents/IANA 2/backend/iana_backend/settings.py changed, reloading.
Performing system checks...

System check identified no issues (0 silenced).
April 23, 2026 - 16:16:01
Django version 4.2.30, using settings 'iana_backend.settings'
Starting development server at http://127.0.0.1:8000/
Quit the server with CONTROL-C.

Watching for file changes with StatReloader
